.2018-07-11 15:30:44.097 com.example.demo.DemoApplication INFO - Starting DemoApplication on pc-hz20088515 with PID 17392 (C:\Users\shichong\Desktop\demo\target\classes started by shichong in C:\Users\shichong\Desktop\demo)
.2018-07-11 15:30:44.102 com.example.demo.DemoApplication INFO - No active profile set, falling back to default profiles: default
.2018-07-11 15:30:44.148 org.springframework.boot.web.servlet.context.AnnotationConfigServletWebServerApplicationContext INFO - Refreshing org.springframework.boot.web.servlet.context.AnnotationConfigServletWebServerApplicationContext@4efbca5a: startup date [Wed Jul 11 15:30:44 CST 2018]; root of context hierarchy
.2018-07-11 15:30:44.696 org.springframework.data.repository.config.RepositoryConfigurationDelegate INFO - Multiple Spring Data modules found, entering strict repository configuration mode!
.2018-07-11 15:30:44.998 org.springframework.context.support.PostProcessorRegistrationDelegate$BeanPostProcessorChecker INFO - Bean 'org.springframework.transaction.annotation.ProxyTransactionManagementConfiguration' of type [org.springframework.transaction.annotation.ProxyTransactionManagementConfiguration$$EnhancerBySpringCGLIB$$fa994c36] is not eligible for getting processed by all BeanPostProcessors (for example: not eligible for auto-proxying)
.2018-07-11 15:30:45.347 org.springframework.boot.web.embedded.tomcat.TomcatWebServer INFO - Tomcat initialized with port(s): 8080 (http)
.2018-07-11 15:30:45.362 org.apache.coyote.http11.Http11NioProtocol INFO - Initializing ProtocolHandler ["http-nio-8080"]
.2018-07-11 15:30:45.372 org.apache.catalina.core.StandardService INFO - Starting service [Tomcat]
.2018-07-11 15:30:45.373 org.apache.catalina.core.StandardEngine INFO - Starting Servlet Engine: Apache Tomcat/8.5.31
.2018-07-11 15:30:45.377 org.apache.catalina.core.AprLifecycleListener INFO - The APR based Apache Tomcat Native library which allows optimal performance in production environments was not found on the java.library.path: [C:\Program Files\Java\jdk1.8.0_66\bin;C:\Windows\Sun\Java\bin;C:\Windows\system32;C:\Windows;C:\ProgramData\Oracle\Java\javapath;C:\Program Files\Common Files\Microsoft Shared\Microsoft Online Services;C:\Program Files (x86)\Common Files\Microsoft Shared\Microsoft Online Services;C:\Windows\system32;C:\Windows;C:\Windows\System32\Wbem;C:\Windows\System32\WindowsPowerShell\v1.0\;C:\Program Files\Java\jdk1.8.0_66\bin;C:\Program Files\Java\jdk1.8.0_66\jre\bin;C:\Program Files (x86)\Git\bin;D:\apache-maven-3.5.3\bin;D:\Program Files\TortoiseSVN\bin;;D:\Program Files\Microsoft VS Code\bin;.]
.2018-07-11 15:30:45.481 org.apache.catalina.core.ContainerBase.[Tomcat].[localhost].[/] INFO - Initializing Spring embedded WebApplicationContext
.2018-07-11 15:30:45.481 org.springframework.web.context.ContextLoader INFO - Root WebApplicationContext: initialization completed in 1337 ms
.2018-07-11 15:30:45.597 org.springframework.boot.web.servlet.ServletRegistrationBean INFO - Servlet dispatcherServlet mapped to [/]
.2018-07-11 15:30:45.603 org.springframework.boot.web.servlet.FilterRegistrationBean INFO - Mapping filter: 'characterEncodingFilter' to: [/*]
.2018-07-11 15:30:45.604 org.springframework.boot.web.servlet.FilterRegistrationBean INFO - Mapping filter: 'hiddenHttpMethodFilter' to: [/*]
.2018-07-11 15:30:45.604 org.springframework.boot.web.servlet.FilterRegistrationBean INFO - Mapping filter: 'httpPutFormContentFilter' to: [/*]
.2018-07-11 15:30:45.606 org.springframework.boot.web.servlet.FilterRegistrationBean INFO - Mapping filter: 'requestContextFilter' to: [/*]
.2018-07-11 15:30:46.164 org.springframework.web.servlet.handler.SimpleUrlHandlerMapping INFO - Mapped URL path [/**/favicon.ico] onto handler of type [class org.springframework.web.servlet.resource.ResourceHttpRequestHandler]
.2018-07-11 15:30:46.329 org.springframework.web.servlet.mvc.method.annotation.RequestMappingHandlerAdapter INFO - Looking for @ControllerAdvice: org.springframework.boot.web.servlet.context.AnnotationConfigServletWebServerApplicationContext@4efbca5a: startup date [Wed Jul 11 15:30:44 CST 2018]; root of context hierarchy
.2018-07-11 15:30:46.374 org.springframework.web.servlet.mvc.method.annotation.RequestMappingHandlerMapping INFO - Mapped "{[/illness/getlist],methods=[GET],produces=[application/json;charset=utf-8]}" onto public com.example.demo.common.LayUiTableRep<com.example.demo.model.Illness> com.example.demo.controller.IllnessController.getList(java.lang.Integer,java.lang.Integer)
.2018-07-11 15:30:46.376 org.springframework.web.servlet.mvc.method.annotation.RequestMappingHandlerMapping INFO - Mapped "{[/illness],methods=[POST]}" onto public com.example.demo.common.WebApiResponse<?> com.example.demo.controller.IllnessController.saveIllnessInfo(com.example.demo.model.Illness)
.2018-07-11 15:30:46.376 org.springframework.web.servlet.mvc.method.annotation.RequestMappingHandlerMapping INFO - Mapped "{[/illness],methods=[DELETE]}" onto public com.example.demo.common.WebApiResponse<?> com.example.demo.controller.IllnessController.delIllnessInfos(java.util.List<java.lang.Integer>)
.2018-07-11 15:30:46.376 org.springframework.web.servlet.mvc.method.annotation.RequestMappingHandlerMapping INFO - Mapped "{[/illness/{id}],methods=[DELETE]}" onto public com.example.demo.common.WebApiResponse<?> com.example.demo.controller.IllnessController.delIllnessInfo(java.lang.Integer)
.2018-07-11 15:30:46.377 org.springframework.web.servlet.mvc.method.annotation.RequestMappingHandlerMapping INFO - Mapped "{[/illness/selectOne],methods=[GET],produces=[application/json;charset=utf-8]}" onto public com.example.demo.model.Illness com.example.demo.controller.IllnessController.selectOneById(java.lang.Integer)
.2018-07-11 15:30:46.378 org.springframework.web.servlet.mvc.method.annotation.RequestMappingHandlerMapping INFO - Mapped "{[/illness/page],methods=[GET],produces=[application/json;charset=utf-8]}" onto public java.util.List<com.example.demo.model.Illness> com.example.demo.controller.IllnessController.findIllnessInfoPage(int,int) throws java.lang.Exception
.2018-07-11 15:30:46.378 org.springframework.web.servlet.mvc.method.annotation.RequestMappingHandlerMapping INFO - Mapped "{[/illness/{id}],methods=[PUT]}" onto public com.example.demo.common.WebApiResponse<?> com.example.demo.controller.IllnessController.updateIllnessInfo(java.lang.Integer,com.example.demo.model.Illness)
.2018-07-11 15:30:46.378 org.springframework.web.servlet.mvc.method.annotation.RequestMappingHandlerMapping INFO - Mapped "{[/{pageName}],methods=[GET]}" onto public java.lang.String com.example.demo.controller.pageController.toPage(java.lang.String)
.2018-07-11 15:30:46.379 org.springframework.web.servlet.mvc.method.annotation.RequestMappingHandlerMapping INFO - Mapped "{[/getKeys],methods=[GET]}" onto public java.lang.Object com.example.demo.controller.TestController.getKeys()
.2018-07-11 15:30:46.379 org.springframework.web.servlet.mvc.method.annotation.RequestMappingHandlerMapping INFO - Mapped "{[/remove],methods=[GET]}" onto public void com.example.demo.controller.TestController.remove()
.2018-07-11 15:30:46.379 org.springframework.web.servlet.mvc.method.annotation.RequestMappingHandlerMapping INFO - Mapped "{[/get],methods=[GET]}" onto public java.lang.Object com.example.demo.controller.TestController.get()
.2018-07-11 15:30:46.379 org.springframework.web.servlet.mvc.method.annotation.RequestMappingHandlerMapping INFO - Mapped "{[/count],methods=[GET]}" onto public java.lang.Object com.example.demo.controller.TestController.count()
.2018-07-11 15:30:46.380 org.springframework.web.servlet.mvc.method.annotation.RequestMappingHandlerMapping INFO - Mapped "{[/add],methods=[GET]}" onto public void com.example.demo.controller.TestController.test()
.2018-07-11 15:30:46.381 org.springframework.web.servlet.mvc.method.annotation.RequestMappingHandlerMapping INFO - Mapped "{[/empty],methods=[GET]}" onto public void com.example.demo.controller.TestController.empty()
.2018-07-11 15:30:46.381 org.springframework.web.servlet.mvc.method.annotation.RequestMappingHandlerMapping INFO - Mapped "{[/getAll],methods=[GET]}" onto public java.lang.Object com.example.demo.controller.TestController.getAll()
.2018-07-11 15:30:46.381 org.springframework.web.servlet.mvc.method.annotation.RequestMappingHandlerMapping INFO - Mapped "{[/isKeyExists],methods=[GET]}" onto public void com.example.demo.controller.TestController.isKeyExists()
.2018-07-11 15:30:46.381 org.springframework.web.servlet.mvc.method.annotation.RequestMappingHandlerMapping INFO - Mapped "{[/usr],methods=[POST]}" onto public com.example.demo.common.WebApiResponse<?> com.example.demo.controller.UserController.saveUserInfo(com.example.demo.model.User)
.2018-07-11 15:30:46.383 org.springframework.web.servlet.mvc.method.annotation.RequestMappingHandlerMapping INFO - Mapped "{[/error]}" onto public org.springframework.http.ResponseEntity<java.util.Map<java.lang.String, java.lang.Object>> org.springframework.boot.autoconfigure.web.servlet.error.BasicErrorController.error(javax.servlet.http.HttpServletRequest)
.2018-07-11 15:30:46.383 org.springframework.web.servlet.mvc.method.annotation.RequestMappingHandlerMapping INFO - Mapped "{[/error],produces=[text/html]}" onto public org.springframework.web.servlet.ModelAndView org.springframework.boot.autoconfigure.web.servlet.error.BasicErrorController.errorHtml(javax.servlet.http.HttpServletRequest,javax.servlet.http.HttpServletResponse)
.2018-07-11 15:30:46.392 org.springframework.web.servlet.handler.SimpleUrlHandlerMapping INFO - Root mapping to handler of type [class org.springframework.web.servlet.mvc.ParameterizableViewController]
.2018-07-11 15:30:46.402 org.springframework.web.servlet.handler.SimpleUrlHandlerMapping INFO - Mapped URL path [/webjars/**] onto handler of type [class org.springframework.web.servlet.resource.ResourceHttpRequestHandler]
.2018-07-11 15:30:46.402 org.springframework.web.servlet.handler.SimpleUrlHandlerMapping INFO - Mapped URL path [/**] onto handler of type [class org.springframework.web.servlet.resource.ResourceHttpRequestHandler]
.2018-07-11 15:30:46.402 org.springframework.web.servlet.handler.SimpleUrlHandlerMapping INFO - Mapped URL path [/static/**] onto handler of type [class org.springframework.web.servlet.resource.ResourceHttpRequestHandler]
.2018-07-11 15:30:46.444 org.springframework.boot.autoconfigure.thymeleaf.ThymeleafAutoConfiguration$DefaultTemplateResolverConfiguration WARN - Cannot find template location: classpath:/templates/ (please add some templates or check your Thymeleaf configuration)
.2018-07-11 15:30:46.479 org.springframework.boot.autoconfigure.web.servlet.WelcomePageHandlerMapping INFO - Adding welcome page: class path resource [static/index.html]
.2018-07-11 15:30:46.732 org.springframework.jmx.export.annotation.AnnotationMBeanExporter INFO - Registering beans for JMX exposure on startup
.2018-07-11 15:30:46.733 org.springframework.jmx.export.annotation.AnnotationMBeanExporter INFO - Bean with name 'dataSource' has been autodetected for JMX exposure
.2018-07-11 15:30:46.737 org.springframework.jmx.export.annotation.AnnotationMBeanExporter INFO - Located MBean 'dataSource': registering with JMX server as MBean [com.zaxxer.hikari:name=dataSource,type=HikariDataSource]
.2018-07-11 15:30:46.745 org.apache.coyote.http11.Http11NioProtocol INFO - Starting ProtocolHandler ["http-nio-8080"]
.2018-07-11 15:30:46.755 org.apache.tomcat.util.net.NioSelectorPool INFO - Using a shared selector for servlet write/read
.2018-07-11 15:30:46.767 org.springframework.boot.web.embedded.tomcat.TomcatWebServer INFO - Tomcat started on port(s): 8080 (http) with context path ''
.2018-07-11 15:30:46.769 com.example.demo.DemoApplication INFO - Started DemoApplication in 3.197 seconds (JVM running for 3.614)
.2018-07-11 15:31:05.274 org.apache.catalina.core.ContainerBase.[Tomcat].[localhost].[/] INFO - Initializing Spring FrameworkServlet 'dispatcherServlet'
.2018-07-11 15:31:05.275 org.springframework.web.servlet.DispatcherServlet INFO - FrameworkServlet 'dispatcherServlet': initialization started
.2018-07-11 15:31:05.291 org.springframework.web.servlet.DispatcherServlet INFO - FrameworkServlet 'dispatcherServlet': initialization completed in 16 ms
.2018-07-11 15:31:05.378 com.zaxxer.hikari.HikariDataSource INFO - HikariPool-1 - Starting...
.2018-07-11 15:31:05.500 com.zaxxer.hikari.HikariDataSource INFO - HikariPool-1 - Start completed.
.2018-07-11 15:31:05.842 io.lettuce.core.EpollProvider INFO - Starting without optional epoll library
.2018-07-11 15:31:05.843 io.lettuce.core.KqueueProvider INFO - Starting without optional kqueue library
